----------

Sat Apr 10 2021 19:44:03 GMT-0500 (Central Daylight Time)

warning: LF will be replaced by CRLF in assets/bootstrap/css/bootstrap.min.css.
The file will have its original line endings in your working directory


----------

Sat Apr 10 2021 19:44:03 GMT-0500 (Central Daylight Time)

warning: LF will be replaced by CRLF in assets/bootstrap/js/bootstrap.min.js.
The file will have its original line endings in your working directory


----------

Sat Apr 10 2021 19:44:03 GMT-0500 (Central Daylight Time)

warning: LF will be replaced by CRLF in assets/js/jquery.min.js.
The file will have its original line endings in your working directory


----------

Sat Apr 10 2021 19:44:03 GMT-0500 (Central Daylight Time)

warning: LF will be replaced by CRLF in assets/js/theme.js.
The file will have its original line endings in your working directory


----------

Sat Apr 10 2021 19:44:03 GMT-0500 (Central Daylight Time)

warning: LF will be replaced by CRLF in index.html.
The file will have its original line endings in your working directory


----------

Sat Apr 10 2021 19:44:08 GMT-0500 (Central Daylight Time)

To https://github.com/sulemanbutta/dietfriend.github.io.git
   eec93ad..679d862  master -> master


